\BOOKMARK [1][-]{section*.1}{Stresses}{}% 1
\BOOKMARK [2][-]{section*.2}{Deformation Elongation}{section*.1}% 2
\BOOKMARK [2][-]{section*.3}{Torsional Formulas}{section*.1}% 3
\BOOKMARK [3][-]{section*.4}{Stress}{section*.3}% 4
\BOOKMARK [3][-]{section*.5}{Deformation}{section*.3}% 5
\BOOKMARK [3][-]{section*.6}{Thin-Walled Closed Tubes}{section*.3}% 6
\BOOKMARK [2][-]{section*.7}{Shear Stress}{section*.1}% 7
\BOOKMARK [3][-]{section*.8}{Beam Bending}{section*.7}% 8
\BOOKMARK [1][-]{section*.9}{Stress Concentrations}{}% 9
\BOOKMARK [2][-]{section*.10}{Stress Concentration Factor}{section*.9}% 10
\BOOKMARK [3][-]{section*.11}{Curved Beam Bending}{section*.10}% 11
\BOOKMARK [2][-]{section*.12}{Thermal Strain}{section*.9}% 12
\BOOKMARK [2][-]{section*.13}{Principle Stresses}{section*.9}% 13
\BOOKMARK [1][-]{section*.14}{Static Loads}{}% 14
\BOOKMARK [2][-]{section*.15}{Effective Stress}{section*.14}% 15
\BOOKMARK [2][-]{section*.16}{Static Loading}{section*.14}% 16
\BOOKMARK [1][-]{section*.17}{Design Factors}{}% 17
\BOOKMARK [2][-]{section*.18}{A95 Equivalence}{section*.17}% 18
\BOOKMARK [1][-]{section*.19}{Design: Dynamic Loads}{}% 19
\BOOKMARK [2][-]{section*.20}{Loading}{section*.19}% 20
\BOOKMARK [2][-]{section*.21}{Stress}{section*.19}% 21
\BOOKMARK [3][-]{section*.22}{Periodic}{section*.21}% 22
\BOOKMARK [3][-]{section*.23}{Endurance Limit}{section*.21}% 23
\BOOKMARK [2][-]{section*.24}{Goodman Method}{section*.19}% 24
\BOOKMARK [3][-]{section*.25}{Dynamic Loads Compressive}{section*.24}% 25
\BOOKMARK [3][-]{section*.26}{Dynamic Loads Tensile}{section*.24}% 26
\BOOKMARK [3][-]{section*.27}{Dynamic Yield Test}{section*.24}% 27
\BOOKMARK [1][-]{section*.28}{Gears}{}% 28
\BOOKMARK [2][-]{section*.29}{Pitch Line Speed}{section*.28}% 29
\BOOKMARK [1][-]{section*.30}{Gears}{}% 30
\BOOKMARK [2][-]{section*.31}{Spur Gears}{section*.30}% 31
\BOOKMARK [2][-]{section*.32}{Helical Gears}{section*.30}% 32
\BOOKMARK [2][-]{section*.33}{Gear Train}{section*.30}% 33
\BOOKMARK [2][-]{section*.34}{Racks}{section*.30}% 34
\BOOKMARK [2][-]{section*.35}{Bevel}{section*.30}% 35
